<?xml version="1.0" encoding="UTF-8"?>
<coverage generated="1594120805521" clover="3.2.0">
  <project timestamp="1594120805521" name="All files">
    <metrics statements="90" coveredstatements="42" conditionals="89" coveredconditionals="26" methods="19" coveredmethods="9" elements="198" coveredelements="77" complexity="0" loc="90" ncloc="90" packages="1" files="1" classes="1"/>
    <file name="utils.js" path="/Users/bilibili/Documents/project/js-core/src/utils.js">
      <metrics statements="90" coveredstatements="42" conditionals="89" coveredconditionals="26" methods="19" coveredmethods="9"/>
      <line num="1" count="4" type="stmt"/>
      <line num="20" count="4" type="cond" truecount="1" falsecount="0"/>
      <line num="21" count="3" type="stmt"/>
      <line num="22" count="3" type="stmt"/>
      <line num="25" count="15" type="cond" truecount="2" falsecount="0"/>
      <line num="30" count="6" type="stmt"/>
      <line num="32" count="3" type="stmt"/>
      <line num="41" count="4" type="stmt"/>
      <line num="42" count="0" type="cond" truecount="0" falsecount="2"/>
      <line num="43" count="0" type="stmt"/>
      <line num="45" count="0" type="stmt"/>
      <line num="46" count="0" type="cond" truecount="0" falsecount="2"/>
      <line num="47" count="0" type="stmt"/>
      <line num="48" count="0" type="stmt"/>
      <line num="50" count="0" type="stmt"/>
      <line num="59" count="4" type="stmt"/>
      <line num="60" count="3" type="stmt"/>
      <line num="61" count="3" type="stmt"/>
      <line num="62" count="3" type="stmt"/>
      <line num="63" count="3" type="cond" truecount="5" falsecount="0"/>
      <line num="64" count="2" type="stmt"/>
      <line num="65" count="2" type="stmt"/>
      <line num="66" count="2" type="stmt"/>
      <line num="68" count="1" type="stmt"/>
      <line num="70" count="0" type="stmt"/>
      <line num="80" count="4" type="stmt"/>
      <line num="81" count="2" type="stmt"/>
      <line num="82" count="2" type="stmt"/>
      <line num="83" count="2" type="stmt"/>
      <line num="94" count="10" type="stmt"/>
      <line num="104" count="4" type="stmt"/>
      <line num="105" count="7" type="cond" truecount="2" falsecount="0"/>
      <line num="106" count="1" type="stmt"/>
      <line num="107" count="1" type="stmt"/>
      <line num="110" count="6" type="cond" truecount="2" falsecount="0"/>
      <line num="111" count="3" type="cond" truecount="5" falsecount="1"/>
      <line num="112" count="3" type="stmt"/>
      <line num="115" count="3" type="cond" truecount="2" falsecount="0"/>
      <line num="116" count="1" type="stmt"/>
      <line num="117" count="1" type="stmt"/>
      <line num="120" count="2" type="cond" truecount="2" falsecount="0"/>
      <line num="121" count="1" type="stmt"/>
      <line num="124" count="2" type="stmt"/>
      <line num="125" count="4" type="cond" truecount="2" falsecount="0"/>
      <line num="136" count="4" type="stmt"/>
      <line num="137" count="0" type="stmt"/>
      <line num="138" count="0" type="cond" truecount="0" falsecount="2"/>
      <line num="139" count="0" type="stmt"/>
      <line num="141" count="0" type="stmt"/>
      <line num="142" count="0" type="stmt"/>
      <line num="145" count="0" type="stmt"/>
      <line num="154" count="4" type="cond" truecount="0" falsecount="1"/>
      <line num="155" count="0" type="cond" truecount="0" falsecount="2"/>
      <line num="156" count="0" type="stmt"/>
      <line num="158" count="0" type="stmt"/>
      <line num="159" count="0" type="cond" truecount="0" falsecount="6"/>
      <line num="160" count="0" type="stmt"/>
      <line num="162" count="0" type="stmt"/>
      <line num="177" count="4" type="stmt"/>
      <line num="178" count="0" type="stmt"/>
      <line num="179" count="0" type="cond" truecount="0" falsecount="2"/>
      <line num="180" count="0" type="cond" truecount="0" falsecount="2"/>
      <line num="181" count="0" type="cond" truecount="0" falsecount="2"/>
      <line num="182" count="0" type="stmt"/>
      <line num="183" count="0" type="cond" truecount="0" falsecount="2"/>
      <line num="184" count="0" type="stmt"/>
      <line num="185" count="0" type="cond" truecount="0" falsecount="2"/>
      <line num="186" count="0" type="cond" truecount="0" falsecount="2"/>
      <line num="187" count="0" type="cond" truecount="0" falsecount="2"/>
      <line num="188" count="0" type="cond" truecount="0" falsecount="2"/>
      <line num="189" count="0" type="cond" truecount="0" falsecount="2"/>
      <line num="191" count="0" type="stmt"/>
      <line num="194" count="0" type="cond" truecount="0" falsecount="2"/>
      <line num="195" count="0" type="stmt"/>
      <line num="196" count="0" type="cond" truecount="0" falsecount="2"/>
      <line num="197" count="0" type="stmt"/>
      <line num="198" count="0" type="cond" truecount="0" falsecount="2"/>
      <line num="199" count="0" type="cond" truecount="0" falsecount="4"/>
      <line num="200" count="0" type="cond" truecount="0" falsecount="2"/>
      <line num="201" count="0" type="cond" truecount="0" falsecount="2"/>
      <line num="202" count="0" type="cond" truecount="0" falsecount="2"/>
      <line num="204" count="0" type="stmt"/>
      <line num="207" count="0" type="stmt"/>
      <line num="210" count="4" type="stmt"/>
      <line num="212" count="4" type="cond" truecount="1" falsecount="1"/>
      <line num="215" count="0" type="stmt"/>
      <line num="216" count="0" type="cond" truecount="0" falsecount="4"/>
      <line num="217" count="0" type="stmt"/>
      <line num="219" count="0" type="cond" truecount="0" falsecount="2"/>
      <line num="223" count="4" type="stmt"/>
    </file>
  </project>
</coverage>
