{"/Users/bilibili/Documents/project/js-core/src/utils.js": {"path":"/Users/bilibili/Documents/project/js-core/src/utils.js","statementMap":{"0":{"start":{"line":1,"column":36},"end":{"line":11,"column":2}},"1":{"start":{"line":1,"column":43},"end":{"line":11,"column":1}},"2":{"start":{"line":20,"column":33},"end":{"line":33,"column":1}},"3":{"start":{"line":21,"column":15},"end":{"line":21,"column":32}},"4":{"start":{"line":22,"column":2},"end":{"line":31,"column":6}},"5":{"start":{"line":25,"column":8},"end":{"line":26,"column":114}},"6":{"start":{"line":30,"column":6},"end":{"line":30,"column":39}},"7":{"start":{"line":32,"column":2},"end":{"line":32,"column":15}},"8":{"start":{"line":41,"column":34},"end":{"line":51,"column":1}},"9":{"start":{"line":42,"column":2},"end":{"line":44,"column":3}},"10":{"start":{"line":43,"column":4},"end":{"line":43,"column":16}},"11":{"start":{"line":45,"column":15},"end":{"line":45,"column":20}},"12":{"start":{"line":46,"column":18},"end":{"line":46,"column":56}},"13":{"start":{"line":47,"column":2},"end":{"line":49,"column":4}},"14":{"start":{"line":48,"column":4},"end":{"line":48,"column":24}},"15":{"start":{"line":50,"column":2},"end":{"line":50,"column":15}},"16":{"start":{"line":59,"column":32},"end":{"line":72,"column":1}},"17":{"start":{"line":60,"column":2},"end":{"line":71,"column":3}},"18":{"start":{"line":61,"column":22},"end":{"line":61,"column":79}},"19":{"start":{"line":62,"column":21},"end":{"line":62,"column":67}},"20":{"start":{"line":63,"column":4},"end":{"line":67,"column":5}},"21":{"start":{"line":64,"column":6},"end":{"line":64,"column":55}},"22":{"start":{"line":65,"column":6},"end":{"line":65,"column":66}},"23":{"start":{"line":66,"column":6},"end":{"line":66,"column":17}},"24":{"start":{"line":68,"column":4},"end":{"line":68,"column":31}},"25":{"start":{"line":70,"column":4},"end":{"line":70,"column":15}},"26":{"start":{"line":80,"column":30},"end":{"line":87,"column":1}},"27":{"start":{"line":81,"column":2},"end":{"line":86,"column":3}},"28":{"start":{"line":82,"column":4},"end":{"line":82,"column":73}},"29":{"start":{"line":83,"column":4},"end":{"line":83,"column":72}},"30":{"start":{"line":94,"column":23},"end":{"line":94,"column":88}},"31":{"start":{"line":94,"column":31},"end":{"line":94,"column":88}},"32":{"start":{"line":104,"column":34},"end":{"line":129,"column":1}},"33":{"start":{"line":105,"column":2},"end":{"line":108,"column":3}},"34":{"start":{"line":106,"column":4},"end":{"line":106,"column":22}},"35":{"start":{"line":107,"column":4},"end":{"line":107,"column":10}},"36":{"start":{"line":110,"column":2},"end":{"line":113,"column":3}},"37":{"start":{"line":111,"column":4},"end":{"line":111,"column":97}},"38":{"start":{"line":112,"column":4},"end":{"line":112,"column":10}},"39":{"start":{"line":115,"column":2},"end":{"line":118,"column":3}},"40":{"start":{"line":116,"column":4},"end":{"line":116,"column":22}},"41":{"start":{"line":117,"column":4},"end":{"line":117,"column":10}},"42":{"start":{"line":120,"column":2},"end":{"line":122,"column":3}},"43":{"start":{"line":121,"column":4},"end":{"line":121,"column":19}},"44":{"start":{"line":124,"column":2},"end":{"line":128,"column":4}},"45":{"start":{"line":125,"column":4},"end":{"line":127,"column":21}},"46":{"start":{"line":136,"column":35},"end":{"line":146,"column":1}},"47":{"start":{"line":137,"column":15},"end":{"line":137,"column":16}},"48":{"start":{"line":138,"column":2},"end":{"line":144,"column":3}},"49":{"start":{"line":139,"column":4},"end":{"line":139,"column":24}},"50":{"start":{"line":141,"column":4},"end":{"line":143,"column":6}},"51":{"start":{"line":142,"column":6},"end":{"line":142,"column":32}},"52":{"start":{"line":145,"column":2},"end":{"line":145,"column":15}},"53":{"start":{"line":154,"column":27},"end":{"line":168,"column":1}},"54":{"start":{"line":155,"column":2},"end":{"line":157,"column":3}},"55":{"start":{"line":156,"column":4},"end":{"line":156,"column":16}},"56":{"start":{"line":158,"column":15},"end":{"line":158,"column":42}},"57":{"start":{"line":159,"column":2},"end":{"line":161,"column":3}},"58":{"start":{"line":160,"column":4},"end":{"line":160,"column":16}},"59":{"start":{"line":162,"column":2},"end":{"line":167,"column":3}},"60":{"start":{"line":177,"column":37},"end":{"line":208,"column":1}},"61":{"start":{"line":178,"column":17},"end":{"line":178,"column":19}},"62":{"start":{"line":179,"column":2},"end":{"line":206,"column":3}},"63":{"start":{"line":180,"column":21},"end":{"line":180,"column":43}},"64":{"start":{"line":181,"column":4},"end":{"line":192,"column":5}},"65":{"start":{"line":182,"column":6},"end":{"line":182,"column":88}},"66":{"start":{"line":182,"column":46},"end":{"line":182,"column":77}},"67":{"start":{"line":183,"column":11},"end":{"line":192,"column":5}},"68":{"start":{"line":184,"column":6},"end":{"line":184,"column":90}},"69":{"start":{"line":185,"column":11},"end":{"line":192,"column":5}},"70":{"start":{"line":186,"column":6},"end":{"line":186,"column":123}},"71":{"start":{"line":187,"column":6},"end":{"line":187,"column":40}},"72":{"start":{"line":188,"column":11},"end":{"line":192,"column":5}},"73":{"start":{"line":189,"column":6},"end":{"line":189,"column":35}},"74":{"start":{"line":191,"column":6},"end":{"line":191,"column":34}},"75":{"start":{"line":194,"column":4},"end":{"line":205,"column":5}},"76":{"start":{"line":195,"column":6},"end":{"line":195,"column":26}},"77":{"start":{"line":196,"column":11},"end":{"line":205,"column":5}},"78":{"start":{"line":197,"column":6},"end":{"line":197,"column":24}},"79":{"start":{"line":198,"column":11},"end":{"line":205,"column":5}},"80":{"start":{"line":199,"column":6},"end":{"line":199,"column":70}},"81":{"start":{"line":200,"column":6},"end":{"line":200,"column":40}},"82":{"start":{"line":201,"column":11},"end":{"line":205,"column":5}},"83":{"start":{"line":202,"column":6},"end":{"line":202,"column":35}},"84":{"start":{"line":204,"column":6},"end":{"line":204,"column":21}},"85":{"start":{"line":207,"column":2},"end":{"line":207,"column":37}},"86":{"start":{"line":210,"column":24},"end":{"line":210,"column":53}},"87":{"start":{"line":212,"column":32},"end":{"line":221,"column":11}},"88":{"start":{"line":215,"column":4},"end":{"line":220,"column":6}},"89":{"start":{"line":216,"column":6},"end":{"line":218,"column":7}},"90":{"start":{"line":217,"column":8},"end":{"line":217,"column":14}},"91":{"start":{"line":219,"column":6},"end":{"line":219,"column":58}},"92":{"start":{"line":223,"column":24},"end":{"line":223,"column":82}},"93":{"start":{"line":223,"column":46},"end":{"line":223,"column":82}}},"fnMap":{"0":{"name":"(anonymous_0)","decl":{"start":{"line":1,"column":36},"end":{"line":1,"column":37}},"loc":{"start":{"line":1,"column":43},"end":{"line":11,"column":1}},"line":1},"1":{"name":"(anonymous_1)","decl":{"start":{"line":20,"column":33},"end":{"line":20,"column":34}},"loc":{"start":{"line":20,"column":61},"end":{"line":33,"column":1}},"line":20},"2":{"name":"(anonymous_2)","decl":{"start":{"line":24,"column":6},"end":{"line":24,"column":7}},"loc":{"start":{"line":25,"column":8},"end":{"line":26,"column":114}},"line":25},"3":{"name":"(anonymous_3)","decl":{"start":{"line":29,"column":13},"end":{"line":29,"column":14}},"loc":{"start":{"line":29,"column":20},"end":{"line":31,"column":5}},"line":29},"4":{"name":"(anonymous_4)","decl":{"start":{"line":41,"column":34},"end":{"line":41,"column":35}},"loc":{"start":{"line":41,"column":51},"end":{"line":51,"column":1}},"line":41},"5":{"name":"(anonymous_5)","decl":{"start":{"line":47,"column":18},"end":{"line":47,"column":19}},"loc":{"start":{"line":47,"column":25},"end":{"line":49,"column":3}},"line":47},"6":{"name":"(anonymous_6)","decl":{"start":{"line":59,"column":32},"end":{"line":59,"column":33}},"loc":{"start":{"line":59,"column":50},"end":{"line":72,"column":1}},"line":59},"7":{"name":"(anonymous_7)","decl":{"start":{"line":80,"column":30},"end":{"line":80,"column":31}},"loc":{"start":{"line":80,"column":61},"end":{"line":87,"column":1}},"line":80},"8":{"name":"(anonymous_8)","decl":{"start":{"line":94,"column":23},"end":{"line":94,"column":24}},"loc":{"start":{"line":94,"column":31},"end":{"line":94,"column":88}},"line":94},"9":{"name":"(anonymous_9)","decl":{"start":{"line":104,"column":34},"end":{"line":104,"column":35}},"loc":{"start":{"line":104,"column":78},"end":{"line":129,"column":1}},"line":104},"10":{"name":"(anonymous_10)","decl":{"start":{"line":124,"column":29},"end":{"line":124,"column":30}},"loc":{"start":{"line":124,"column":39},"end":{"line":128,"column":3}},"line":124},"11":{"name":"(anonymous_11)","decl":{"start":{"line":136,"column":35},"end":{"line":136,"column":36}},"loc":{"start":{"line":136,"column":43},"end":{"line":146,"column":1}},"line":136},"12":{"name":"(anonymous_12)","decl":{"start":{"line":141,"column":30},"end":{"line":141,"column":31}},"loc":{"start":{"line":141,"column":37},"end":{"line":143,"column":5}},"line":141},"13":{"name":"(anonymous_13)","decl":{"start":{"line":154,"column":27},"end":{"line":154,"column":28}},"loc":{"start":{"line":154,"column":49},"end":{"line":168,"column":1}},"line":154},"14":{"name":"(anonymous_14)","decl":{"start":{"line":177,"column":37},"end":{"line":177,"column":38}},"loc":{"start":{"line":177,"column":61},"end":{"line":208,"column":1}},"line":177},"15":{"name":"(anonymous_15)","decl":{"start":{"line":182,"column":41},"end":{"line":182,"column":42}},"loc":{"start":{"line":182,"column":46},"end":{"line":182,"column":77}},"line":182},"16":{"name":"(anonymous_16)","decl":{"start":{"line":214,"column":34},"end":{"line":214,"column":35}},"loc":{"start":{"line":214,"column":47},"end":{"line":221,"column":3}},"line":214},"17":{"name":"(anonymous_17)","decl":{"start":{"line":215,"column":20},"end":{"line":215,"column":21}},"loc":{"start":{"line":215,"column":55},"end":{"line":220,"column":5}},"line":215},"18":{"name":"(anonymous_18)","decl":{"start":{"line":223,"column":24},"end":{"line":223,"column":25}},"loc":{"start":{"line":223,"column":46},"end":{"line":223,"column":82}},"line":223}},"branchMap":{"0":{"loc":{"start":{"line":20,"column":46},"end":{"line":20,"column":56}},"type":"default-arg","locations":[{"start":{"line":20,"column":54},"end":{"line":20,"column":56}}],"line":20},"1":{"loc":{"start":{"line":25,"column":8},"end":{"line":26,"column":114}},"type":"binary-expr","locations":[{"start":{"line":25,"column":8},"end":{"line":25,"column":70}},{"start":{"line":26,"column":8},"end":{"line":26,"column":114}}],"line":25},"2":{"loc":{"start":{"line":42,"column":2},"end":{"line":44,"column":3}},"type":"if","locations":[{"start":{"line":42,"column":2},"end":{"line":44,"column":3}},{"start":{"line":42,"column":2},"end":{"line":44,"column":3}}],"line":42},"3":{"loc":{"start":{"line":46,"column":18},"end":{"line":46,"column":56}},"type":"cond-expr","locations":[{"start":{"line":46,"column":34},"end":{"line":46,"column":38}},{"start":{"line":46,"column":41},"end":{"line":46,"column":56}}],"line":46},"4":{"loc":{"start":{"line":63,"column":4},"end":{"line":67,"column":5}},"type":"if","locations":[{"start":{"line":63,"column":4},"end":{"line":67,"column":5}},{"start":{"line":63,"column":4},"end":{"line":67,"column":5}}],"line":63},"5":{"loc":{"start":{"line":63,"column":8},"end":{"line":63,"column":54}},"type":"binary-expr","locations":[{"start":{"line":63,"column":8},"end":{"line":63,"column":18}},{"start":{"line":63,"column":22},"end":{"line":63,"column":31}},{"start":{"line":63,"column":35},"end":{"line":63,"column":54}}],"line":63},"6":{"loc":{"start":{"line":105,"column":2},"end":{"line":108,"column":3}},"type":"if","locations":[{"start":{"line":105,"column":2},"end":{"line":108,"column":3}},{"start":{"line":105,"column":2},"end":{"line":108,"column":3}}],"line":105},"7":{"loc":{"start":{"line":110,"column":2},"end":{"line":113,"column":3}},"type":"if","locations":[{"start":{"line":110,"column":2},"end":{"line":113,"column":3}},{"start":{"line":110,"column":2},"end":{"line":113,"column":3}}],"line":110},"8":{"loc":{"start":{"line":111,"column":17},"end":{"line":111,"column":97}},"type":"cond-expr","locations":[{"start":{"line":111,"column":32},"end":{"line":111,"column":62}},{"start":{"line":111,"column":65},"end":{"line":111,"column":97}}],"line":111},"9":{"loc":{"start":{"line":111,"column":45},"end":{"line":111,"column":61}},"type":"binary-expr","locations":[{"start":{"line":111,"column":45},"end":{"line":111,"column":55}},{"start":{"line":111,"column":59},"end":{"line":111,"column":61}}],"line":111},"10":{"loc":{"start":{"line":111,"column":66},"end":{"line":111,"column":82}},"type":"binary-expr","locations":[{"start":{"line":111,"column":66},"end":{"line":111,"column":76}},{"start":{"line":111,"column":80},"end":{"line":111,"column":82}}],"line":111},"11":{"loc":{"start":{"line":115,"column":2},"end":{"line":118,"column":3}},"type":"if","locations":[{"start":{"line":115,"column":2},"end":{"line":118,"column":3}},{"start":{"line":115,"column":2},"end":{"line":118,"column":3}}],"line":115},"12":{"loc":{"start":{"line":120,"column":2},"end":{"line":122,"column":3}},"type":"if","locations":[{"start":{"line":120,"column":2},"end":{"line":122,"column":3}},{"start":{"line":120,"column":2},"end":{"line":122,"column":3}}],"line":120},"13":{"loc":{"start":{"line":125,"column":25},"end":{"line":127,"column":21}},"type":"cond-expr","locations":[{"start":{"line":126,"column":8},"end":{"line":126,"column":106}},{"start":{"line":127,"column":8},"end":{"line":127,"column":21}}],"line":125},"14":{"loc":{"start":{"line":126,"column":8},"end":{"line":126,"column":106}},"type":"cond-expr","locations":[{"start":{"line":126,"column":23},"end":{"line":126,"column":63}},{"start":{"line":126,"column":66},"end":{"line":126,"column":106}}],"line":126},"15":{"loc":{"start":{"line":138,"column":2},"end":{"line":144,"column":3}},"type":"if","locations":[{"start":{"line":138,"column":2},"end":{"line":144,"column":3}},{"start":{"line":138,"column":2},"end":{"line":144,"column":3}}],"line":138},"16":{"loc":{"start":{"line":154,"column":33},"end":{"line":154,"column":44}},"type":"default-arg","locations":[{"start":{"line":154,"column":43},"end":{"line":154,"column":44}}],"line":154},"17":{"loc":{"start":{"line":155,"column":2},"end":{"line":157,"column":3}},"type":"if","locations":[{"start":{"line":155,"column":2},"end":{"line":157,"column":3}},{"start":{"line":155,"column":2},"end":{"line":157,"column":3}}],"line":155},"18":{"loc":{"start":{"line":159,"column":2},"end":{"line":161,"column":3}},"type":"if","locations":[{"start":{"line":159,"column":2},"end":{"line":161,"column":3}},{"start":{"line":159,"column":2},"end":{"line":161,"column":3}}],"line":159},"19":{"loc":{"start":{"line":159,"column":6},"end":{"line":159,"column":60}},"type":"binary-expr","locations":[{"start":{"line":159,"column":6},"end":{"line":159,"column":16}},{"start":{"line":159,"column":20},"end":{"line":159,"column":31}},{"start":{"line":159,"column":35},"end":{"line":159,"column":44}},{"start":{"line":159,"column":48},"end":{"line":159,"column":60}}],"line":159},"20":{"loc":{"start":{"line":163,"column":4},"end":{"line":166,"column":28}},"type":"binary-expr","locations":[{"start":{"line":163,"column":4},"end":{"line":163,"column":43}},{"start":{"line":164,"column":4},"end":{"line":164,"column":29}},{"start":{"line":165,"column":4},"end":{"line":165,"column":43}},{"start":{"line":166,"column":4},"end":{"line":166,"column":28}}],"line":163},"21":{"loc":{"start":{"line":179,"column":2},"end":{"line":206,"column":3}},"type":"if","locations":[{"start":{"line":179,"column":2},"end":{"line":206,"column":3}},{"start":{"line":179,"column":2},"end":{"line":206,"column":3}}],"line":179},"22":{"loc":{"start":{"line":180,"column":21},"end":{"line":180,"column":43}},"type":"binary-expr","locations":[{"start":{"line":180,"column":21},"end":{"line":180,"column":35}},{"start":{"line":180,"column":39},"end":{"line":180,"column":43}}],"line":180},"23":{"loc":{"start":{"line":181,"column":4},"end":{"line":192,"column":5}},"type":"if","locations":[{"start":{"line":181,"column":4},"end":{"line":192,"column":5}},{"start":{"line":181,"column":4},"end":{"line":192,"column":5}}],"line":181},"24":{"loc":{"start":{"line":183,"column":11},"end":{"line":192,"column":5}},"type":"if","locations":[{"start":{"line":183,"column":11},"end":{"line":192,"column":5}},{"start":{"line":183,"column":11},"end":{"line":192,"column":5}}],"line":183},"25":{"loc":{"start":{"line":185,"column":11},"end":{"line":192,"column":5}},"type":"if","locations":[{"start":{"line":185,"column":11},"end":{"line":192,"column":5}},{"start":{"line":185,"column":11},"end":{"line":192,"column":5}}],"line":185},"26":{"loc":{"start":{"line":186,"column":43},"end":{"line":186,"column":112}},"type":"cond-expr","locations":[{"start":{"line":186,"column":57},"end":{"line":186,"column":72}},{"start":{"line":186,"column":75},"end":{"line":186,"column":112}}],"line":186},"27":{"loc":{"start":{"line":187,"column":21},"end":{"line":187,"column":40}},"type":"cond-expr","locations":[{"start":{"line":187,"column":35},"end":{"line":187,"column":36}},{"start":{"line":187,"column":39},"end":{"line":187,"column":40}}],"line":187},"28":{"loc":{"start":{"line":188,"column":11},"end":{"line":192,"column":5}},"type":"if","locations":[{"start":{"line":188,"column":11},"end":{"line":192,"column":5}},{"start":{"line":188,"column":11},"end":{"line":192,"column":5}}],"line":188},"29":{"loc":{"start":{"line":189,"column":20},"end":{"line":189,"column":35}},"type":"binary-expr","locations":[{"start":{"line":189,"column":20},"end":{"line":189,"column":30}},{"start":{"line":189,"column":34},"end":{"line":189,"column":35}}],"line":189},"30":{"loc":{"start":{"line":194,"column":4},"end":{"line":205,"column":5}},"type":"if","locations":[{"start":{"line":194,"column":4},"end":{"line":205,"column":5}},{"start":{"line":194,"column":4},"end":{"line":205,"column":5}}],"line":194},"31":{"loc":{"start":{"line":196,"column":11},"end":{"line":205,"column":5}},"type":"if","locations":[{"start":{"line":196,"column":11},"end":{"line":205,"column":5}},{"start":{"line":196,"column":11},"end":{"line":205,"column":5}}],"line":196},"32":{"loc":{"start":{"line":198,"column":11},"end":{"line":205,"column":5}},"type":"if","locations":[{"start":{"line":198,"column":11},"end":{"line":205,"column":5}},{"start":{"line":198,"column":11},"end":{"line":205,"column":5}}],"line":198},"33":{"loc":{"start":{"line":199,"column":24},"end":{"line":199,"column":70}},"type":"binary-expr","locations":[{"start":{"line":199,"column":24},"end":{"line":199,"column":37}},{"start":{"line":199,"column":42},"end":{"line":199,"column":69}}],"line":199},"34":{"loc":{"start":{"line":199,"column":42},"end":{"line":199,"column":69}},"type":"cond-expr","locations":[{"start":{"line":199,"column":56},"end":{"line":199,"column":65}},{"start":{"line":199,"column":68},"end":{"line":199,"column":69}}],"line":199},"35":{"loc":{"start":{"line":200,"column":21},"end":{"line":200,"column":40}},"type":"cond-expr","locations":[{"start":{"line":200,"column":35},"end":{"line":200,"column":36}},{"start":{"line":200,"column":39},"end":{"line":200,"column":40}}],"line":200},"36":{"loc":{"start":{"line":201,"column":11},"end":{"line":205,"column":5}},"type":"if","locations":[{"start":{"line":201,"column":11},"end":{"line":205,"column":5}},{"start":{"line":201,"column":11},"end":{"line":205,"column":5}}],"line":201},"37":{"loc":{"start":{"line":202,"column":20},"end":{"line":202,"column":35}},"type":"binary-expr","locations":[{"start":{"line":202,"column":20},"end":{"line":202,"column":30}},{"start":{"line":202,"column":34},"end":{"line":202,"column":35}}],"line":202},"38":{"loc":{"start":{"line":212,"column":32},"end":{"line":221,"column":11}},"type":"cond-expr","locations":[{"start":{"line":213,"column":2},"end":{"line":221,"column":4}},{"start":{"line":221,"column":7},"end":{"line":221,"column":11}}],"line":212},"39":{"loc":{"start":{"line":213,"column":2},"end":{"line":221,"column":4}},"type":"binary-expr","locations":[{"start":{"line":213,"column":2},"end":{"line":213,"column":29}},{"start":{"line":214,"column":2},"end":{"line":221,"column":4}}],"line":213},"40":{"loc":{"start":{"line":216,"column":6},"end":{"line":218,"column":7}},"type":"if","locations":[{"start":{"line":216,"column":6},"end":{"line":218,"column":7}},{"start":{"line":216,"column":6},"end":{"line":218,"column":7}}],"line":216},"41":{"loc":{"start":{"line":216,"column":10},"end":{"line":216,"column":43}},"type":"binary-expr","locations":[{"start":{"line":216,"column":10},"end":{"line":216,"column":32}},{"start":{"line":216,"column":36},"end":{"line":216,"column":43}}],"line":216},"42":{"loc":{"start":{"line":219,"column":6},"end":{"line":219,"column":58}},"type":"binary-expr","locations":[{"start":{"line":219,"column":6},"end":{"line":219,"column":29}},{"start":{"line":219,"column":33},"end":{"line":219,"column":58}}],"line":219}},"s":{"0":4,"1":2,"2":4,"3":3,"4":3,"5":15,"6":6,"7":3,"8":4,"9":0,"10":0,"11":0,"12":0,"13":0,"14":0,"15":0,"16":4,"17":3,"18":3,"19":3,"20":3,"21":2,"22":2,"23":2,"24":1,"25":0,"26":4,"27":2,"28":2,"29":2,"30":4,"31":10,"32":4,"33":7,"34":1,"35":1,"36":6,"37":3,"38":3,"39":3,"40":1,"41":1,"42":2,"43":1,"44":2,"45":4,"46":4,"47":0,"48":0,"49":0,"50":0,"51":0,"52":0,"53":4,"54":0,"55":0,"56":0,"57":0,"58":0,"59":0,"60":4,"61":0,"62":0,"63":0,"64":0,"65":0,"66":0,"67":0,"68":0,"69":0,"70":0,"71":0,"72":0,"73":0,"74":0,"75":0,"76":0,"77":0,"78":0,"79":0,"80":0,"81":0,"82":0,"83":0,"84":0,"85":0,"86":4,"87":4,"88":0,"89":0,"90":0,"91":0,"92":4,"93":0},"f":{"0":2,"1":3,"2":15,"3":6,"4":0,"5":0,"6":3,"7":2,"8":10,"9":7,"10":4,"11":0,"12":0,"13":0,"14":0,"15":0,"16":0,"17":0,"18":0},"b":{"0":[1],"1":[15,10],"2":[0,0],"3":[0,0],"4":[2,1],"5":[3,2,2],"6":[1,6],"7":[3,3],"8":[1,2],"9":[1,0],"10":[2,1],"11":[1,2],"12":[1,1],"13":[2,2],"14":[0,2],"15":[0,0],"16":[0],"17":[0,0],"18":[0,0],"19":[0,0,0,0],"20":[0,0,0,0],"21":[0,0],"22":[0,0],"23":[0,0],"24":[0,0],"25":[0,0],"26":[0,0],"27":[0,0],"28":[0,0],"29":[0,0],"30":[0,0],"31":[0,0],"32":[0,0],"33":[0,0],"34":[0,0],"35":[0,0],"36":[0,0],"37":[0,0],"38":[4,0],"39":[4,0],"40":[0,0],"41":[0,0],"42":[0,0]},"_coverageSchema":"43e27e138ebf9cfc5966b082cf9a028302ed4184","hash":"adbcb534956d443b7816070664b774d655989c59"}
}
