TN:
SF:/Users/bilibili/Documents/project/js-core/src/utils.js
FN:1,(anonymous_0)
FN:20,(anonymous_1)
FN:24,(anonymous_2)
FN:29,(anonymous_3)
FN:41,(anonymous_4)
FN:47,(anonymous_5)
FN:59,(anonymous_6)
FN:80,(anonymous_7)
FN:94,(anonymous_8)
FN:104,(anonymous_9)
FN:124,(anonymous_10)
FN:136,(anonymous_11)
FN:141,(anonymous_12)
FN:154,(anonymous_13)
FN:177,(anonymous_14)
FN:182,(anonymous_15)
FN:214,(anonymous_16)
FN:215,(anonymous_17)
FN:223,(anonymous_18)
FNF:19
FNH:9
FNDA:2,(anonymous_0)
FNDA:3,(anonymous_1)
FNDA:15,(anonymous_2)
FNDA:6,(anonymous_3)
FNDA:0,(anonymous_4)
FNDA:0,(anonymous_5)
FNDA:3,(anonymous_6)
FNDA:2,(anonymous_7)
FNDA:10,(anonymous_8)
FNDA:7,(anonymous_9)
FNDA:4,(anonymous_10)
FNDA:0,(anonymous_11)
FNDA:0,(anonymous_12)
FNDA:0,(anonymous_13)
FNDA:0,(anonymous_14)
FNDA:0,(anonymous_15)
FNDA:0,(anonymous_16)
FNDA:0,(anonymous_17)
FNDA:0,(anonymous_18)
DA:1,4
DA:20,4
DA:21,3
DA:22,3
DA:25,15
DA:30,6
DA:32,3
DA:41,4
DA:42,0
DA:43,0
DA:45,0
DA:46,0
DA:47,0
DA:48,0
DA:50,0
DA:59,4
DA:60,3
DA:61,3
DA:62,3
DA:63,3
DA:64,2
DA:65,2
DA:66,2
DA:68,1
DA:70,0
DA:80,4
DA:81,2
DA:82,2
DA:83,2
DA:94,10
DA:104,4
DA:105,7
DA:106,1
DA:107,1
DA:110,6
DA:111,3
DA:112,3
DA:115,3
DA:116,1
DA:117,1
DA:120,2
DA:121,1
DA:124,2
DA:125,4
DA:136,4
DA:137,0
DA:138,0
DA:139,0
DA:141,0
DA:142,0
DA:145,0
DA:154,4
DA:155,0
DA:156,0
DA:158,0
DA:159,0
DA:160,0
DA:162,0
DA:177,4
DA:178,0
DA:179,0
DA:180,0
DA:181,0
DA:182,0
DA:183,0
DA:184,0
DA:185,0
DA:186,0
DA:187,0
DA:188,0
DA:189,0
DA:191,0
DA:194,0
DA:195,0
DA:196,0
DA:197,0
DA:198,0
DA:199,0
DA:200,0
DA:201,0
DA:202,0
DA:204,0
DA:207,0
DA:210,4
DA:212,4
DA:215,0
DA:216,0
DA:217,0
DA:219,0
DA:223,4
LF:90
LH:42
BRDA:20,0,0,1
BRDA:25,1,0,15
BRDA:25,1,1,10
BRDA:42,2,0,0
BRDA:42,2,1,0
BRDA:46,3,0,0
BRDA:46,3,1,0
BRDA:63,4,0,2
BRDA:63,4,1,1
BRDA:63,5,0,3
BRDA:63,5,1,2
BRDA:63,5,2,2
BRDA:105,6,0,1
BRDA:105,6,1,6
BRDA:110,7,0,3
BRDA:110,7,1,3
BRDA:111,8,0,1
BRDA:111,8,1,2
BRDA:111,9,0,1
BRDA:111,9,1,0
BRDA:111,10,0,2
BRDA:111,10,1,1
BRDA:115,11,0,1
BRDA:115,11,1,2
BRDA:120,12,0,1
BRDA:120,12,1,1
BRDA:125,13,0,2
BRDA:125,13,1,2
BRDA:126,14,0,0
BRDA:126,14,1,2
BRDA:138,15,0,0
BRDA:138,15,1,0
BRDA:154,16,0,0
BRDA:155,17,0,0
BRDA:155,17,1,0
BRDA:159,18,0,0
BRDA:159,18,1,0
BRDA:159,19,0,0
BRDA:159,19,1,0
BRDA:159,19,2,0
BRDA:159,19,3,0
BRDA:163,20,0,0
BRDA:163,20,1,0
BRDA:163,20,2,0
BRDA:163,20,3,0
BRDA:179,21,0,0
BRDA:179,21,1,0
BRDA:180,22,0,0
BRDA:180,22,1,0
BRDA:181,23,0,0
BRDA:181,23,1,0
BRDA:183,24,0,0
BRDA:183,24,1,0
BRDA:185,25,0,0
BRDA:185,25,1,0
BRDA:186,26,0,0
BRDA:186,26,1,0
BRDA:187,27,0,0
BRDA:187,27,1,0
BRDA:188,28,0,0
BRDA:188,28,1,0
BRDA:189,29,0,0
BRDA:189,29,1,0
BRDA:194,30,0,0
BRDA:194,30,1,0
BRDA:196,31,0,0
BRDA:196,31,1,0
BRDA:198,32,0,0
BRDA:198,32,1,0
BRDA:199,33,0,0
BRDA:199,33,1,0
BRDA:199,34,0,0
BRDA:199,34,1,0
BRDA:200,35,0,0
BRDA:200,35,1,0
BRDA:201,36,0,0
BRDA:201,36,1,0
BRDA:202,37,0,0
BRDA:202,37,1,0
BRDA:212,38,0,4
BRDA:212,38,1,0
BRDA:213,39,0,4
BRDA:213,39,1,0
BRDA:216,40,0,0
BRDA:216,40,1,0
BRDA:216,41,0,0
BRDA:216,41,1,0
BRDA:219,42,0,0
BRDA:219,42,1,0
BRF:89
BRH:26
end_of_record
